This file contains any messages produced by compilers while
running configure, to aid debugging if configure makes a mistake.

It was created by glm configure 0.3.2, which was
generated by GNU Autoconf 2.69.  Invocation command line was

  $ ./configure 

## --------- ##
## Platform. ##
## --------- ##

hostname = Wahids-MacBook-Pro.local
uname -m = x86_64
uname -r = 12.2.0
uname -s = Darwin
uname -v = Darwin Kernel Version 12.2.0: Sat Aug 25 00:48:52 PDT 2012; root:xnu-2050.18.24~1/RELEASE_X86_64

/usr/bin/uname -p = i386
/bin/uname -X     = unknown

/bin/arch              = unknown
/usr/bin/arch -k       = unknown
/usr/convex/getsysinfo = unknown
/usr/bin/hostinfo      = Mach kernel version:
	 Darwin Kernel Version 12.2.0: Sat Aug 25 00:48:52 PDT 2012; root:xnu-2050.18.24~1/RELEASE_X86_64
Kernel configured for up to 4 processors.
2 processors are physically available.
4 processors are logically available.
Processor type: i486 (Intel 80486)
Processors active: 0 1 2 3
Primary memory available: 8.00 gigabytes
Default processor set: 163 tasks, 899 threads, 4 processors
Load average: 1.30, Mach factor: 2.69
/bin/machine           = unknown
/usr/bin/oslevel       = unknown
/bin/universe          = unknown

PATH: /usr/local/mysql/bin
PATH: /opt/local/bin
PATH: /opt/local/sbin
PATH: /opt/local/bin
PATH: /opt/local/sbin
PATH: /usr/bin
PATH: /bin
PATH: /usr/sbin
PATH: /sbin
PATH: /usr/local/bin
PATH: /opt/X11/bin
PATH: /usr/local/git/bin
PATH: /usr/texbin


## ----------- ##
## Core tests. ##
## ----------- ##

configure:2424: checking build system type
configure:2438: result: x86_64-apple-darwin12.2.0
configure:2458: checking host system type
configure:2471: result: x86_64-apple-darwin12.2.0
configure:2491: checking target system type
configure:2504: result: x86_64-apple-darwin12.2.0
configure:2546: checking for a BSD-compatible install
configure:2614: result: /opt/local/bin/ginstall -c
configure:2625: checking whether build environment is sane
configure:2680: result: yes
configure:2831: checking for a thread-safe mkdir -p
configure:2870: result: /opt/local/bin/gmkdir -p
configure:2877: checking for gawk
configure:2907: result: no
configure:2877: checking for mawk
configure:2907: result: no
configure:2877: checking for nawk
configure:2907: result: no
configure:2877: checking for awk
configure:2893: found /usr/bin/awk
configure:2904: result: awk
configure:2915: checking whether make sets $(MAKE)
configure:2937: result: yes
configure:2966: checking whether make supports nested variables
configure:2983: result: yes
configure:3115: checking for gcc
configure:3131: found /usr/bin/gcc
configure:3142: result: gcc
configure:3371: checking for C compiler version
configure:3380: gcc --version >&5
i686-apple-darwin11-llvm-gcc-4.2 (GCC) 4.2.1 (Based on Apple Inc. build 5658) (LLVM build 2336.11.00)
Copyright (C) 2007 Free Software Foundation, Inc.
This is free software; see the source for copying conditions.  There is NO
warranty; not even for MERCHANTABILITY or FITNESS FOR A PARTICULAR PURPOSE.

configure:3391: $? = 0
configure:3380: gcc -v >&5
Using built-in specs.
Target: i686-apple-darwin11
Configured with: /private/var/tmp/llvmgcc42/llvmgcc42-2336.11~182/src/configure --disable-checking --enable-werror --prefix=/Applications/Xcode.app/Contents/Developer/usr/llvm-gcc-4.2 --mandir=/share/man --enable-languages=c,objc,c++,obj-c++ --program-prefix=llvm- --program-transform-name=/^[cg][^.-]*$/s/$/-4.2/ --with-slibdir=/usr/lib --build=i686-apple-darwin11 --enable-llvm=/private/var/tmp/llvmgcc42/llvmgcc42-2336.11~182/dst-llvmCore/Developer/usr/local --program-prefix=i686-apple-darwin11- --host=x86_64-apple-darwin11 --target=i686-apple-darwin11 --with-gxx-include-dir=/usr/include/c++/4.2.1
Thread model: posix
gcc version 4.2.1 (Based on Apple Inc. build 5658) (LLVM build 2336.11.00)
configure:3391: $? = 0
configure:3380: gcc -V >&5
llvm-gcc-4.2: argument to `-V' is missing
configure:3391: $? = 1
configure:3380: gcc -qversion >&5
i686-apple-darwin11-llvm-gcc-4.2: no input files
configure:3391: $? = 1
configure:3411: checking whether the C compiler works
configure:3433: gcc    conftest.c  >&5
configure:3437: $? = 0
configure:3485: result: yes
configure:3488: checking for C compiler default output file name
configure:3490: result: a.out
configure:3496: checking for suffix of executables
configure:3503: gcc -o conftest    conftest.c  >&5
configure:3507: $? = 0
configure:3529: result: 
configure:3551: checking whether we are cross compiling
configure:3559: gcc -o conftest    conftest.c  >&5
configure:3563: $? = 0
configure:3570: ./conftest
configure:3574: $? = 0
configure:3589: result: no
configure:3594: checking for suffix of object files
configure:3616: gcc -c   conftest.c >&5
configure:3620: $? = 0
configure:3641: result: o
configure:3645: checking whether we are using the GNU C compiler
configure:3664: gcc -c   conftest.c >&5
configure:3664: $? = 0
configure:3673: result: yes
configure:3682: checking whether gcc accepts -g
configure:3702: gcc -c -g  conftest.c >&5
configure:3702: $? = 0
configure:3743: result: yes
configure:3760: checking for gcc option to accept ISO C89
configure:3823: gcc  -c -g -O2  conftest.c >&5
configure:3823: $? = 0
configure:3836: result: none needed
configure:3867: checking for style of include used by make
configure:3895: result: GNU
configure:3921: checking dependency style of gcc
configure:4032: result: gcc3
configure:4048: checking whether gcc and cc understand -c and -o together
configure:4079: gcc -c conftest.c -o conftest2.o >&5
configure:4083: $? = 0
configure:4089: gcc -c conftest.c -o conftest2.o >&5
configure:4093: $? = 0
configure:4104: cc -c conftest.c >&5
configure:4108: $? = 0
configure:4116: cc -c conftest.c -o conftest2.o >&5
configure:4120: $? = 0
configure:4126: cc -c conftest.c -o conftest2.o >&5
configure:4130: $? = 0
configure:4148: result: yes
configure:4175: checking for inline
configure:4191: gcc -c -g -O2  conftest.c >&5
configure:4191: $? = 0
configure:4199: result: inline
configure:4295: checking what warning flags to pass to the C compiler
configure:4297: result: -Wall -Wmissing-prototypes
configure:4308: checking what language compliance flags to pass to the C compiler
configure:4323: result: 
configure:4409: checking how to print strings
configure:4436: result: printf
configure:4457: checking for a sed that does not truncate output
configure:4521: result: /usr/bin/sed
configure:4539: checking for grep that handles long lines and -e
configure:4597: result: /usr/bin/grep
configure:4602: checking for egrep
configure:4664: result: /usr/bin/grep -E
configure:4669: checking for fgrep
configure:4731: result: /usr/bin/grep -F
configure:4766: checking for ld used by gcc
configure:4833: result: /usr/llvm-gcc-4.2/libexec/gcc/i686-apple-darwin11/4.2.1/ld
configure:4840: checking if the linker (/usr/llvm-gcc-4.2/libexec/gcc/i686-apple-darwin11/4.2.1/ld) is GNU ld
configure:4855: result: no
configure:4867: checking for BSD- or MS-compatible name lister (nm)
configure:4916: result: /opt/local/bin/nm
configure:5046: checking the name lister (/opt/local/bin/nm) interface
configure:5053: gcc -c -g -O2  conftest.c >&5
configure:5056: /opt/local/bin/nm "conftest.o"
configure:5059: output
00000000000001dc S _some_variable
configure:5066: result: BSD nm
configure:5069: checking whether ln -s works
configure:5073: result: yes
configure:5081: checking the maximum length of command line arguments
configure:5211: result: 196608
configure:5228: checking whether the shell understands some XSI constructs
configure:5238: result: yes
configure:5242: checking whether the shell understands "+="
configure:5248: result: yes
configure:5283: checking how to convert x86_64-apple-darwin12.2.0 file names to x86_64-apple-darwin12.2.0 format
configure:5323: result: func_convert_file_noop
configure:5330: checking how to convert x86_64-apple-darwin12.2.0 file names to toolchain format
configure:5350: result: func_convert_file_noop
configure:5357: checking for /usr/llvm-gcc-4.2/libexec/gcc/i686-apple-darwin11/4.2.1/ld option to reload object files
configure:5364: result: -r
configure:5438: checking for objdump
configure:5468: result: no
configure:5497: checking how to recognize dependent libraries
configure:5699: result: pass_all
configure:5784: checking for dlltool
configure:5814: result: no
configure:5844: checking how to associate runtime and link libraries
configure:5871: result: printf %s\n
configure:5931: checking for ar
configure:5947: found /opt/local/bin/ar
configure:5958: result: ar
configure:5995: checking for archiver @FILE support
configure:6012: gcc -c -g -O2  conftest.c >&5
configure:6012: $? = 0
configure:6015: ar cru libconftest.a @conftest.lst >&5
ar: @conftest.lst: No such file or directory
configure:6018: $? = 1
configure:6038: result: no
configure:6096: checking for strip
configure:6112: found /opt/local/bin/strip
configure:6123: result: strip
configure:6195: checking for ranlib
configure:6211: found /opt/local/bin/ranlib
configure:6222: result: ranlib
configure:6324: checking command to parse /opt/local/bin/nm output from gcc object
configure:6444: gcc -c -g -O2  conftest.c >&5
configure:6447: $? = 0
configure:6451: /opt/local/bin/nm conftest.o \| sed -n -e 's/^.*[ ]\([BCDEGRST][BCDEGRST]*\)[ ][ ]*\([_A-Za-z][_A-Za-z0-9]*\)$/\1 \2 \2/p' | sed '/ __gnu_lto/d' \> conftest.nm
configure:6454: $? = 0
cannot find nm_test_var in conftest.nm
configure:6444: gcc -c -g -O2  conftest.c >&5
configure:6447: $? = 0
configure:6451: /opt/local/bin/nm conftest.o \| sed -n -e 's/^.*[ ]\([BCDEGRST][BCDEGRST]*\)[ ][ ]*_\([_A-Za-z][_A-Za-z0-9]*\)$/\1 _\2 \2/p' | sed '/ __gnu_lto/d' \> conftest.nm
configure:6454: $? = 0
configure:6520: gcc -o conftest -g -O2   conftest.c conftstm.o >&5
configure:6523: $? = 0
configure:6561: result: ok
configure:6598: checking for sysroot
configure:6628: result: no
configure:6884: checking for mt
configure:6914: result: no
configure:6934: checking if : is a manifest tool
configure:6940: : '-?'
configure:6948: result: no
configure:7004: checking for dsymutil
configure:7020: found /usr/bin/dsymutil
configure:7031: result: dsymutil
configure:7096: checking for nmedit
configure:7112: found /opt/local/bin/nmedit
configure:7123: result: nmedit
configure:7188: checking for lipo
configure:7204: found /opt/local/bin/lipo
configure:7215: result: lipo
configure:7280: checking for otool
configure:7296: found /opt/local/bin/otool
configure:7307: result: otool
configure:7372: checking for otool64
configure:7402: result: no
configure:7447: checking for -single_module linker flag
gcc -g -O2  -o libconftest.dylib -dynamiclib -Wl,-single_module conftest.c
configure:7480: result: yes
configure:7483: checking for -exported_symbols_list linker flag
configure:7503: gcc -o conftest -g -O2   -Wl,-exported_symbols_list,conftest.sym conftest.c  >&5
configure:7503: $? = 0
configure:7513: result: yes
configure:7516: checking for -force_load linker flag
gcc -g -O2 -c -o conftest.o conftest.c
ar cru libconftest.a conftest.o
ranlib libconftest.a
gcc -g -O2  -o conftest conftest.c -Wl,-force_load,./libconftest.a
configure:7548: result: yes
configure:7590: checking how to run the C preprocessor
configure:7621: gcc -E  conftest.c
configure:7621: $? = 0
configure:7635: gcc -E  conftest.c
conftest.c:11:28: error: ac_nonexistent.h: No such file or directory
configure:7635: $? = 1
configure: failed program was:
| /* confdefs.h */
| #define PACKAGE_NAME "glm"
| #define PACKAGE_TARNAME "glm"
| #define PACKAGE_VERSION "0.3.2"
| #define PACKAGE_STRING "glm 0.3.2"
| #define PACKAGE_BUGREPORT ""
| #define PACKAGE_URL ""
| #define PACKAGE "glm"
| #define VERSION "0.3.2"
| /* end confdefs.h.  */
| #include <ac_nonexistent.h>
configure:7660: result: gcc -E
configure:7680: gcc -E  conftest.c
configure:7680: $? = 0
configure:7694: gcc -E  conftest.c
conftest.c:11:28: error: ac_nonexistent.h: No such file or directory
configure:7694: $? = 1
configure: failed program was:
| /* confdefs.h */
| #define PACKAGE_NAME "glm"
| #define PACKAGE_TARNAME "glm"
| #define PACKAGE_VERSION "0.3.2"
| #define PACKAGE_STRING "glm 0.3.2"
| #define PACKAGE_BUGREPORT ""
| #define PACKAGE_URL ""
| #define PACKAGE "glm"
| #define VERSION "0.3.2"
| /* end confdefs.h.  */
| #include <ac_nonexistent.h>
configure:7723: checking for ANSI C header files
configure:7743: gcc -c -g -O2  conftest.c >&5
configure:7743: $? = 0
configure:7816: gcc -o conftest -g -O2   conftest.c  >&5
configure:7816: $? = 0
configure:7816: ./conftest
configure:7816: $? = 0
configure:7827: result: yes
configure:7840: checking for sys/types.h
configure:7840: gcc -c -g -O2  conftest.c >&5
configure:7840: $? = 0
configure:7840: result: yes
configure:7840: checking for sys/stat.h
configure:7840: gcc -c -g -O2  conftest.c >&5
configure:7840: $? = 0
configure:7840: result: yes
configure:7840: checking for stdlib.h
configure:7840: gcc -c -g -O2  conftest.c >&5
configure:7840: $? = 0
configure:7840: result: yes
configure:7840: checking for string.h
configure:7840: gcc -c -g -O2  conftest.c >&5
configure:7840: $? = 0
configure:7840: result: yes
configure:7840: checking for memory.h
configure:7840: gcc -c -g -O2  conftest.c >&5
configure:7840: $? = 0
configure:7840: result: yes
configure:7840: checking for strings.h
configure:7840: gcc -c -g -O2  conftest.c >&5
configure:7840: $? = 0
configure:7840: result: yes
configure:7840: checking for inttypes.h
configure:7840: gcc -c -g -O2  conftest.c >&5
configure:7840: $? = 0
configure:7840: result: yes
configure:7840: checking for stdint.h
configure:7840: gcc -c -g -O2  conftest.c >&5
configure:7840: $? = 0
configure:7840: result: yes
configure:7840: checking for unistd.h
configure:7840: gcc -c -g -O2  conftest.c >&5
configure:7840: $? = 0
configure:7840: result: yes
configure:7854: checking for dlfcn.h
configure:7854: gcc -c -g -O2  conftest.c >&5
configure:7854: $? = 0
configure:7854: result: yes
configure:8030: checking for objdir
configure:8045: result: .libs
configure:8316: checking if gcc supports -fno-rtti -fno-exceptions
configure:8334: gcc -c -g -O2  -fno-rtti -fno-exceptions conftest.c >&5
cc1: warning: command line option "-fno-rtti" is valid for C++/ObjC++ but not for C
configure:8338: $? = 0
configure:8351: result: no
configure:8678: checking for gcc option to produce PIC
configure:8685: result: -fno-common -DPIC
configure:8693: checking if gcc PIC flag -fno-common -DPIC works
configure:8711: gcc -c -g -O2  -fno-common -DPIC -DPIC conftest.c >&5
configure:8715: $? = 0
configure:8728: result: yes
configure:8757: checking if gcc static flag -static works
configure:8785: result: no
configure:8800: checking if gcc supports -c -o file.o
configure:8821: gcc -c -g -O2  -o out/conftest2.o conftest.c >&5
configure:8825: $? = 0
configure:8847: result: yes
configure:8855: checking if gcc supports -c -o file.o
configure:8902: result: yes
configure:8935: checking whether the gcc linker (/usr/llvm-gcc-4.2/libexec/gcc/i686-apple-darwin11/4.2.1/ld) supports shared libraries
configure:10088: result: yes
configure:10328: checking dynamic linker characteristics
configure:11061: result: darwin12.2.0 dyld
configure:11168: checking how to hardcode library paths into programs
configure:11193: result: immediate
configure:11733: checking whether stripping libraries is possible
configure:11747: result: yes
configure:11773: checking if libtool supports shared libraries
configure:11775: result: yes
configure:11778: checking whether to build shared libraries
configure:11799: result: no
configure:11802: checking whether to build static libraries
configure:11806: result: yes
configure:11846: checking for strdup
configure:11846: gcc -o conftest -g -O2   conftest.c  >&5
conftest.c:46: warning: conflicting types for built-in function 'strdup'
configure:11846: $? = 0
configure:11846: result: yes
configure:11856: checking for X
configure:11964: gcc -E  conftest.c
conftest.c:24:22: error: X11/Xlib.h: No such file or directory
configure:11964: $? = 1
configure: failed program was:
| /* confdefs.h */
| #define PACKAGE_NAME "glm"
| #define PACKAGE_TARNAME "glm"
| #define PACKAGE_VERSION "0.3.2"
| #define PACKAGE_STRING "glm 0.3.2"
| #define PACKAGE_BUGREPORT ""
| #define PACKAGE_URL ""
| #define PACKAGE "glm"
| #define VERSION "0.3.2"
| #define STDC_HEADERS 1
| #define HAVE_SYS_TYPES_H 1
| #define HAVE_SYS_STAT_H 1
| #define HAVE_STDLIB_H 1
| #define HAVE_STRING_H 1
| #define HAVE_MEMORY_H 1
| #define HAVE_STRINGS_H 1
| #define HAVE_INTTYPES_H 1
| #define HAVE_STDINT_H 1
| #define HAVE_UNISTD_H 1
| #define HAVE_DLFCN_H 1
| #define LT_OBJDIR ".libs/"
| #define HAVE_STRDUP 1
| /* end confdefs.h.  */
| #include <X11/Xlib.h>
configure:11995: gcc -o conftest -g -O2   conftest.c -lX11  >&5
conftest.c:24:22: error: X11/Xlib.h: No such file or directory
configure:11995: $? = 1
configure: failed program was:
| /* confdefs.h */
| #define PACKAGE_NAME "glm"
| #define PACKAGE_TARNAME "glm"
| #define PACKAGE_VERSION "0.3.2"
| #define PACKAGE_STRING "glm 0.3.2"
| #define PACKAGE_BUGREPORT ""
| #define PACKAGE_URL ""
| #define PACKAGE "glm"
| #define VERSION "0.3.2"
| #define STDC_HEADERS 1
| #define HAVE_SYS_TYPES_H 1
| #define HAVE_SYS_STAT_H 1
| #define HAVE_STDLIB_H 1
| #define HAVE_STRING_H 1
| #define HAVE_MEMORY_H 1
| #define HAVE_STRINGS_H 1
| #define HAVE_INTTYPES_H 1
| #define HAVE_STDINT_H 1
| #define HAVE_UNISTD_H 1
| #define HAVE_DLFCN_H 1
| #define LT_OBJDIR ".libs/"
| #define HAVE_STRDUP 1
| /* end confdefs.h.  */
| #include <X11/Xlib.h>
| int
| main ()
| {
| XrmInitialize ()
|   ;
|   return 0;
| }
configure:12045: result: libraries /usr/X11/lib, headers /usr/X11/include
configure:12214: checking for the pthreads library -lpthreads
configure:12247: gcc -o conftest -g -O2    conftest.c -lpthreads  >&5
ld: library not found for -lpthreads
collect2: ld returned 1 exit status
configure:12247: $? = 1
configure: failed program was:
| /* confdefs.h */
| #define PACKAGE_NAME "glm"
| #define PACKAGE_TARNAME "glm"
| #define PACKAGE_VERSION "0.3.2"
| #define PACKAGE_STRING "glm 0.3.2"
| #define PACKAGE_BUGREPORT ""
| #define PACKAGE_URL ""
| #define PACKAGE "glm"
| #define VERSION "0.3.2"
| #define STDC_HEADERS 1
| #define HAVE_SYS_TYPES_H 1
| #define HAVE_SYS_STAT_H 1
| #define HAVE_STDLIB_H 1
| #define HAVE_STRING_H 1
| #define HAVE_MEMORY_H 1
| #define HAVE_STRINGS_H 1
| #define HAVE_INTTYPES_H 1
| #define HAVE_STDINT_H 1
| #define HAVE_UNISTD_H 1
| #define HAVE_DLFCN_H 1
| #define LT_OBJDIR ".libs/"
| #define HAVE_STRDUP 1
| /* end confdefs.h.  */
| #include <pthread.h>
| int
| main ()
| {
| pthread_t th; pthread_join(th, 0);
|                      pthread_attr_init(0); pthread_cleanup_push(0, 0);
|                      pthread_create(0,0,0,0); pthread_cleanup_pop(0);
|   ;
|   return 0;
| }
configure:12256: result: no
configure:12159: checking whether pthreads work without any flags
configure:12247: gcc -o conftest -g -O2    conftest.c   >&5
configure:12247: $? = 0
configure:12256: result: yes
configure:12275: checking for joinable pthread attribute
configure:12290: gcc -o conftest -g -O2    conftest.c   >&5
configure:12290: $? = 0
configure:12296: result: PTHREAD_CREATE_JOINABLE
configure:12306: checking if more special flags are required for pthreads
configure:12313: result: -D_THREAD_SAFE
configure:12402: checking whether to check for GCC pthread/shared inconsistencies
configure:12415: gcc -o conftest -shared -fPIC -Wl,-z,defs -g -O2 -D_THREAD_SAFE    conftest.c   >&5
ld: unknown option: -z
collect2: ld returned 1 exit status
configure:12415: $? = 1
configure: failed program was:
| /* confdefs.h */
| #define PACKAGE_NAME "glm"
| #define PACKAGE_TARNAME "glm"
| #define PACKAGE_VERSION "0.3.2"
| #define PACKAGE_STRING "glm 0.3.2"
| #define PACKAGE_BUGREPORT ""
| #define PACKAGE_URL ""
| #define PACKAGE "glm"
| #define VERSION "0.3.2"
| #define STDC_HEADERS 1
| #define HAVE_SYS_TYPES_H 1
| #define HAVE_SYS_STAT_H 1
| #define HAVE_STDLIB_H 1
| #define HAVE_STRING_H 1
| #define HAVE_MEMORY_H 1
| #define HAVE_STRINGS_H 1
| #define HAVE_INTTYPES_H 1
| #define HAVE_STDINT_H 1
| #define HAVE_UNISTD_H 1
| #define HAVE_DLFCN_H 1
| #define LT_OBJDIR ".libs/"
| #define HAVE_STRDUP 1
| /* end confdefs.h.  */
| 
| int
| main ()
| {
| 
|   ;
|   return 0;
| }
configure:12424: result: no
configure:12543: checking whether what we have so far is sufficient with -nostdlib
configure:12561: gcc -o conftest -nostdlib -shared -fPIC -Wl,-z,defs -g -O2 -D_THREAD_SAFE    conftest.c   -lc >&5
ld: unknown option: -z
collect2: ld returned 1 exit status
configure:12561: $? = 1
configure: failed program was:
| /* confdefs.h */
| #define PACKAGE_NAME "glm"
| #define PACKAGE_TARNAME "glm"
| #define PACKAGE_VERSION "0.3.2"
| #define PACKAGE_STRING "glm 0.3.2"
| #define PACKAGE_BUGREPORT ""
| #define PACKAGE_URL ""
| #define PACKAGE "glm"
| #define VERSION "0.3.2"
| #define STDC_HEADERS 1
| #define HAVE_SYS_TYPES_H 1
| #define HAVE_SYS_STAT_H 1
| #define HAVE_STDLIB_H 1
| #define HAVE_STRING_H 1
| #define HAVE_MEMORY_H 1
| #define HAVE_STRINGS_H 1
| #define HAVE_INTTYPES_H 1
| #define HAVE_STDINT_H 1
| #define HAVE_UNISTD_H 1
| #define HAVE_DLFCN_H 1
| #define LT_OBJDIR ".libs/"
| #define HAVE_STRDUP 1
| /* end confdefs.h.  */
| #include <pthread.h>
| int
| main ()
| {
| pthread_t th; pthread_join(th, 0);
| 	       pthread_attr_init(0); pthread_cleanup_push(0, 0);
| 	       pthread_create(0,0,0,0); pthread_cleanup_pop(0);
|   ;
|   return 0;
| }
configure:12573: result: no
configure:12578: checking whether -lpthread saves the day
configure:12594: gcc -o conftest -nostdlib -shared -fPIC -Wl,-z,defs -g -O2 -D_THREAD_SAFE    conftest.c -lpthread   -lc >&5
ld: unknown option: -z
collect2: ld returned 1 exit status
configure:12594: $? = 1
configure: failed program was:
| /* confdefs.h */
| #define PACKAGE_NAME "glm"
| #define PACKAGE_TARNAME "glm"
| #define PACKAGE_VERSION "0.3.2"
| #define PACKAGE_STRING "glm 0.3.2"
| #define PACKAGE_BUGREPORT ""
| #define PACKAGE_URL ""
| #define PACKAGE "glm"
| #define VERSION "0.3.2"
| #define STDC_HEADERS 1
| #define HAVE_SYS_TYPES_H 1
| #define HAVE_SYS_STAT_H 1
| #define HAVE_STDLIB_H 1
| #define HAVE_STRING_H 1
| #define HAVE_MEMORY_H 1
| #define HAVE_STRINGS_H 1
| #define HAVE_INTTYPES_H 1
| #define HAVE_STDINT_H 1
| #define HAVE_UNISTD_H 1
| #define HAVE_DLFCN_H 1
| #define LT_OBJDIR ".libs/"
| #define HAVE_STRDUP 1
| /* end confdefs.h.  */
| #include <pthread.h>
| int
| main ()
| {
| pthread_t th; pthread_join(th, 0);
| 	       pthread_attr_init(0); pthread_cleanup_push(0, 0);
| 	       pthread_create(0,0,0,0); pthread_cleanup_pop(0);
|   ;
|   return 0;
| }
configure:12607: result: no
configure:12609: WARNING: Impossible to determine how to use pthreads with shared libraries and -nostdlib
configure:12667: checking whether we are using the Microsoft C compiler
configure:12686: gcc -c -g -O2  conftest.c >&5
conftest.c: In function 'main':
conftest.c:30: error: 'choke' undeclared (first use in this function)
conftest.c:30: error: (Each undeclared identifier is reported only once
conftest.c:30: error: for each function it appears in.)
conftest.c:30: error: expected ';' before 'me'
configure:12686: $? = 1
configure: failed program was:
| /* confdefs.h */
| #define PACKAGE_NAME "glm"
| #define PACKAGE_TARNAME "glm"
| #define PACKAGE_VERSION "0.3.2"
| #define PACKAGE_STRING "glm 0.3.2"
| #define PACKAGE_BUGREPORT ""
| #define PACKAGE_URL ""
| #define PACKAGE "glm"
| #define VERSION "0.3.2"
| #define STDC_HEADERS 1
| #define HAVE_SYS_TYPES_H 1
| #define HAVE_SYS_STAT_H 1
| #define HAVE_STDLIB_H 1
| #define HAVE_STRING_H 1
| #define HAVE_MEMORY_H 1
| #define HAVE_STRINGS_H 1
| #define HAVE_INTTYPES_H 1
| #define HAVE_STDINT_H 1
| #define HAVE_UNISTD_H 1
| #define HAVE_DLFCN_H 1
| #define LT_OBJDIR ".libs/"
| #define HAVE_STRDUP 1
| #define HAVE_PTHREAD 1
| /* end confdefs.h.  */
| 
| int
| main ()
| {
| #ifndef _MSC_VER
|        choke me
| #endif
| 
|   ;
|   return 0;
| }
configure:12695: result: no
configure:12717: checking windows.h usability
configure:12717: gcc -c -g -O2  conftest.c >&5
conftest.c:58:21: error: windows.h: No such file or directory
configure:12717: $? = 1
configure: failed program was:
| /* confdefs.h */
| #define PACKAGE_NAME "glm"
| #define PACKAGE_TARNAME "glm"
| #define PACKAGE_VERSION "0.3.2"
| #define PACKAGE_STRING "glm 0.3.2"
| #define PACKAGE_BUGREPORT ""
| #define PACKAGE_URL ""
| #define PACKAGE "glm"
| #define VERSION "0.3.2"
| #define STDC_HEADERS 1
| #define HAVE_SYS_TYPES_H 1
| #define HAVE_SYS_STAT_H 1
| #define HAVE_STDLIB_H 1
| #define HAVE_STRING_H 1
| #define HAVE_MEMORY_H 1
| #define HAVE_STRINGS_H 1
| #define HAVE_INTTYPES_H 1
| #define HAVE_STDINT_H 1
| #define HAVE_UNISTD_H 1
| #define HAVE_DLFCN_H 1
| #define LT_OBJDIR ".libs/"
| #define HAVE_STRDUP 1
| #define HAVE_PTHREAD 1
| /* end confdefs.h.  */
| #include <stdio.h>
| #ifdef HAVE_SYS_TYPES_H
| # include <sys/types.h>
| #endif
| #ifdef HAVE_SYS_STAT_H
| # include <sys/stat.h>
| #endif
| #ifdef STDC_HEADERS
| # include <stdlib.h>
| # include <stddef.h>
| #else
| # ifdef HAVE_STDLIB_H
| #  include <stdlib.h>
| # endif
| #endif
| #ifdef HAVE_STRING_H
| # if !defined STDC_HEADERS && defined HAVE_MEMORY_H
| #  include <memory.h>
| # endif
| # include <string.h>
| #endif
| #ifdef HAVE_STRINGS_H
| # include <strings.h>
| #endif
| #ifdef HAVE_INTTYPES_H
| # include <inttypes.h>
| #endif
| #ifdef HAVE_STDINT_H
| # include <stdint.h>
| #endif
| #ifdef HAVE_UNISTD_H
| # include <unistd.h>
| #endif
| #include <windows.h>
configure:12717: result: no
configure:12717: checking windows.h presence
configure:12717: gcc -E  conftest.c
conftest.c:25:21: error: windows.h: No such file or directory
configure:12717: $? = 1
configure: failed program was:
| /* confdefs.h */
| #define PACKAGE_NAME "glm"
| #define PACKAGE_TARNAME "glm"
| #define PACKAGE_VERSION "0.3.2"
| #define PACKAGE_STRING "glm 0.3.2"
| #define PACKAGE_BUGREPORT ""
| #define PACKAGE_URL ""
| #define PACKAGE "glm"
| #define VERSION "0.3.2"
| #define STDC_HEADERS 1
| #define HAVE_SYS_TYPES_H 1
| #define HAVE_SYS_STAT_H 1
| #define HAVE_STDLIB_H 1
| #define HAVE_STRING_H 1
| #define HAVE_MEMORY_H 1
| #define HAVE_STRINGS_H 1
| #define HAVE_INTTYPES_H 1
| #define HAVE_STDINT_H 1
| #define HAVE_UNISTD_H 1
| #define HAVE_DLFCN_H 1
| #define LT_OBJDIR ".libs/"
| #define HAVE_STRDUP 1
| #define HAVE_PTHREAD 1
| /* end confdefs.h.  */
| #include <windows.h>
configure:12717: result: no
configure:12717: checking for windows.h
configure:12717: result: no
configure:12728: checking for OpenGL library
configure:12761: gcc -o conftest -g -O2 -I/usr/X11/include -D_THREAD_SAFE    conftest.c -lopengl32 -L/usr/X11/lib -lX11  -lm  >&5
ld: library not found for -lopengl32
collect2: ld returned 1 exit status
configure:12761: $? = 1
configure: failed program was:
| /* confdefs.h */
| #define PACKAGE_NAME "glm"
| #define PACKAGE_TARNAME "glm"
| #define PACKAGE_VERSION "0.3.2"
| #define PACKAGE_STRING "glm 0.3.2"
| #define PACKAGE_BUGREPORT ""
| #define PACKAGE_URL ""
| #define PACKAGE "glm"
| #define VERSION "0.3.2"
| #define STDC_HEADERS 1
| #define HAVE_SYS_TYPES_H 1
| #define HAVE_SYS_STAT_H 1
| #define HAVE_STDLIB_H 1
| #define HAVE_STRING_H 1
| #define HAVE_MEMORY_H 1
| #define HAVE_STRINGS_H 1
| #define HAVE_INTTYPES_H 1
| #define HAVE_STDINT_H 1
| #define HAVE_UNISTD_H 1
| #define HAVE_DLFCN_H 1
| #define LT_OBJDIR ".libs/"
| #define HAVE_STRDUP 1
| #define HAVE_PTHREAD 1
| /* end confdefs.h.  */
| 
| # if HAVE_WINDOWS_H && defined(_WIN32)
| #   include <windows.h>
| # endif
| # include <GL/gl.h>
| int
| main ()
| {
| glBegin(0)
|   ;
|   return 0;
| }
configure:12761: gcc -o conftest -g -O2 -I/usr/X11/include -D_THREAD_SAFE    conftest.c -lGL -L/usr/X11/lib -lX11  -lm  >&5
configure:12761: $? = 0
configure:12770: result: -lGL
configure:12849: checking for g++
configure:12865: found /usr/bin/g++
configure:12876: result: g++
configure:12903: checking for C++ compiler version
configure:12912: g++ --version >&5
i686-apple-darwin11-llvm-g++-4.2 (GCC) 4.2.1 (Based on Apple Inc. build 5658) (LLVM build 2336.11.00)
Copyright (C) 2007 Free Software Foundation, Inc.
This is free software; see the source for copying conditions.  There is NO
warranty; not even for MERCHANTABILITY or FITNESS FOR A PARTICULAR PURPOSE.

configure:12923: $? = 0
configure:12912: g++ -v >&5
Using built-in specs.
Target: i686-apple-darwin11
Configured with: /private/var/tmp/llvmgcc42/llvmgcc42-2336.11~182/src/configure --disable-checking --enable-werror --prefix=/Applications/Xcode.app/Contents/Developer/usr/llvm-gcc-4.2 --mandir=/share/man --enable-languages=c,objc,c++,obj-c++ --program-prefix=llvm- --program-transform-name=/^[cg][^.-]*$/s/$/-4.2/ --with-slibdir=/usr/lib --build=i686-apple-darwin11 --enable-llvm=/private/var/tmp/llvmgcc42/llvmgcc42-2336.11~182/dst-llvmCore/Developer/usr/local --program-prefix=i686-apple-darwin11- --host=x86_64-apple-darwin11 --target=i686-apple-darwin11 --with-gxx-include-dir=/usr/include/c++/4.2.1
Thread model: posix
gcc version 4.2.1 (Based on Apple Inc. build 5658) (LLVM build 2336.11.00)
configure:12923: $? = 0
configure:12912: g++ -V >&5
llvm-g++-4.2: argument to `-V' is missing
configure:12923: $? = 1
configure:12912: g++ -qversion >&5
i686-apple-darwin11-llvm-g++-4.2: no input files
configure:12923: $? = 1
configure:12927: checking whether we are using the GNU C++ compiler
configure:12946: g++ -c   conftest.cpp >&5
configure:12946: $? = 0
configure:12955: result: yes
configure:12964: checking whether g++ accepts -g
configure:12984: g++ -c -g  conftest.cpp >&5
configure:12984: $? = 0
configure:13025: result: yes
configure:13050: checking dependency style of g++
configure:13161: result: gcc3
configure:13299: checking for C++ compiler version
configure:13308: g++ --version >&5
i686-apple-darwin11-llvm-g++-4.2 (GCC) 4.2.1 (Based on Apple Inc. build 5658) (LLVM build 2336.11.00)
Copyright (C) 2007 Free Software Foundation, Inc.
This is free software; see the source for copying conditions.  There is NO
warranty; not even for MERCHANTABILITY or FITNESS FOR A PARTICULAR PURPOSE.

configure:13319: $? = 0
configure:13308: g++ -v >&5
Using built-in specs.
Target: i686-apple-darwin11
Configured with: /private/var/tmp/llvmgcc42/llvmgcc42-2336.11~182/src/configure --disable-checking --enable-werror --prefix=/Applications/Xcode.app/Contents/Developer/usr/llvm-gcc-4.2 --mandir=/share/man --enable-languages=c,objc,c++,obj-c++ --program-prefix=llvm- --program-transform-name=/^[cg][^.-]*$/s/$/-4.2/ --with-slibdir=/usr/lib --build=i686-apple-darwin11 --enable-llvm=/private/var/tmp/llvmgcc42/llvmgcc42-2336.11~182/dst-llvmCore/Developer/usr/local --program-prefix=i686-apple-darwin11- --host=x86_64-apple-darwin11 --target=i686-apple-darwin11 --with-gxx-include-dir=/usr/include/c++/4.2.1
Thread model: posix
gcc version 4.2.1 (Based on Apple Inc. build 5658) (LLVM build 2336.11.00)
configure:13319: $? = 0
configure:13308: g++ -V >&5
llvm-g++-4.2: argument to `-V' is missing
configure:13319: $? = 1
configure:13308: g++ -qversion >&5
i686-apple-darwin11-llvm-g++-4.2: no input files
configure:13319: $? = 1
configure:13323: checking whether we are using the GNU C++ compiler
configure:13351: result: yes
configure:13360: checking whether g++ accepts -g
configure:13421: result: yes
configure:13446: checking dependency style of g++
configure:13557: result: gcc3
configure:13579: checking how to run the C++ preprocessor
configure:13606: g++ -E  conftest.cpp
configure:13606: $? = 0
configure:13620: g++ -E  conftest.cpp
conftest.cpp:25:28: error: ac_nonexistent.h: No such file or directory
configure:13620: $? = 1
configure: failed program was:
| /* confdefs.h */
| #define PACKAGE_NAME "glm"
| #define PACKAGE_TARNAME "glm"
| #define PACKAGE_VERSION "0.3.2"
| #define PACKAGE_STRING "glm 0.3.2"
| #define PACKAGE_BUGREPORT ""
| #define PACKAGE_URL ""
| #define PACKAGE "glm"
| #define VERSION "0.3.2"
| #define STDC_HEADERS 1
| #define HAVE_SYS_TYPES_H 1
| #define HAVE_SYS_STAT_H 1
| #define HAVE_STDLIB_H 1
| #define HAVE_STRING_H 1
| #define HAVE_MEMORY_H 1
| #define HAVE_STRINGS_H 1
| #define HAVE_INTTYPES_H 1
| #define HAVE_STDINT_H 1
| #define HAVE_UNISTD_H 1
| #define HAVE_DLFCN_H 1
| #define LT_OBJDIR ".libs/"
| #define HAVE_STRDUP 1
| #define HAVE_PTHREAD 1
| /* end confdefs.h.  */
| #include <ac_nonexistent.h>
configure:13645: result: g++ -E
configure:13665: g++ -E  conftest.cpp
configure:13665: $? = 0
configure:13679: g++ -E  conftest.cpp
conftest.cpp:25:28: error: ac_nonexistent.h: No such file or directory
configure:13679: $? = 1
configure: failed program was:
| /* confdefs.h */
| #define PACKAGE_NAME "glm"
| #define PACKAGE_TARNAME "glm"
| #define PACKAGE_VERSION "0.3.2"
| #define PACKAGE_STRING "glm 0.3.2"
| #define PACKAGE_BUGREPORT ""
| #define PACKAGE_URL ""
| #define PACKAGE "glm"
| #define VERSION "0.3.2"
| #define STDC_HEADERS 1
| #define HAVE_SYS_TYPES_H 1
| #define HAVE_SYS_STAT_H 1
| #define HAVE_STDLIB_H 1
| #define HAVE_STRING_H 1
| #define HAVE_MEMORY_H 1
| #define HAVE_STRINGS_H 1
| #define HAVE_INTTYPES_H 1
| #define HAVE_STDINT_H 1
| #define HAVE_UNISTD_H 1
| #define HAVE_DLFCN_H 1
| #define LT_OBJDIR ".libs/"
| #define HAVE_STRDUP 1
| #define HAVE_PTHREAD 1
| /* end confdefs.h.  */
| #include <ac_nonexistent.h>
configure:13848: checking for ld used by g++
configure:13915: result: /usr/llvm-gcc-4.2/libexec/gcc/i686-apple-darwin11/4.2.1/ld
configure:13922: checking if the linker (/usr/llvm-gcc-4.2/libexec/gcc/i686-apple-darwin11/4.2.1/ld) is GNU ld
configure:13937: result: no
configure:13992: checking whether the g++ linker (/usr/llvm-gcc-4.2/libexec/gcc/i686-apple-darwin11/4.2.1/ld) supports shared libraries
configure:14997: result: yes
configure:15033: g++ -c -g -O2  conftest.cpp >&5
configure:15036: $? = 0
configure:15556: checking for g++ option to produce PIC
configure:15563: result: -fno-common -DPIC
configure:15571: checking if g++ PIC flag -fno-common -DPIC works
configure:15589: g++ -c -g -O2  -fno-common -DPIC -DPIC conftest.cpp >&5
configure:15593: $? = 0
configure:15606: result: yes
configure:15629: checking if g++ static flag -static works
configure:15657: result: no
configure:15669: checking if g++ supports -c -o file.o
configure:15690: g++ -c -g -O2  -o out/conftest2.o conftest.cpp >&5
configure:15694: $? = 0
configure:15716: result: yes
configure:15721: checking if g++ supports -c -o file.o
configure:15768: result: yes
configure:15798: checking whether the g++ linker (/usr/llvm-gcc-4.2/libexec/gcc/i686-apple-darwin11/4.2.1/ld) supports shared libraries
configure:15834: result: yes
configure:15975: checking dynamic linker characteristics
configure:16642: result: darwin12.2.0 dyld
configure:16695: checking how to hardcode library paths into programs
configure:16720: result: immediate
configure:16762: checking for OpenGL Utility library
configure:16815: g++ -o conftest -g -O2 -I/usr/X11/include -D_THREAD_SAFE    conftest.cpp -lglu32 -lGL -L/usr/X11/lib -lX11  -lm  >&5
ld: library not found for -lglu32
collect2: ld returned 1 exit status
configure:16815: $? = 1
configure: failed program was:
| /* confdefs.h */
| #define PACKAGE_NAME "glm"
| #define PACKAGE_TARNAME "glm"
| #define PACKAGE_VERSION "0.3.2"
| #define PACKAGE_STRING "glm 0.3.2"
| #define PACKAGE_BUGREPORT ""
| #define PACKAGE_URL ""
| #define PACKAGE "glm"
| #define VERSION "0.3.2"
| #define STDC_HEADERS 1
| #define HAVE_SYS_TYPES_H 1
| #define HAVE_SYS_STAT_H 1
| #define HAVE_STDLIB_H 1
| #define HAVE_STRING_H 1
| #define HAVE_MEMORY_H 1
| #define HAVE_STRINGS_H 1
| #define HAVE_INTTYPES_H 1
| #define HAVE_STDINT_H 1
| #define HAVE_UNISTD_H 1
| #define HAVE_DLFCN_H 1
| #define LT_OBJDIR ".libs/"
| #define HAVE_STRDUP 1
| #define HAVE_PTHREAD 1
| /* end confdefs.h.  */
| 
| # if HAVE_WINDOWS_H && defined(_WIN32)
| #   include <windows.h>
| # endif
| # include <GL/glu.h>
| int
| main ()
| {
| gluBeginCurve(0)
|   ;
|   return 0;
| }
configure:16815: g++ -o conftest -g -O2 -I/usr/X11/include -D_THREAD_SAFE    conftest.cpp -lGLU -lGL -L/usr/X11/lib -lX11  -lm  >&5
configure:16815: $? = 0
configure:16838: result: -lGLU
configure:16867: checking whether -R must be followed by a space
configure:16883: g++ -o conftest -g -O2   conftest.cpp  -R/usr/X11/lib >&5
configure:16883: $? = 0
configure:16884: result: no
configure:16946: g++ -o conftest -g -O2   conftest.cpp   -L/usr/X11/lib -R/usr/X11/lib -lX11 >&5
configure:16946: $? = 0
configure:17044: checking for gethostbyname
configure:17044: g++ -o conftest -g -O2   conftest.cpp  >&5
configure:17044: $? = 0
configure:17044: result: yes
configure:17141: checking for connect
configure:17141: g++ -o conftest -g -O2   conftest.cpp  >&5
configure:17141: $? = 0
configure:17141: result: yes
configure:17190: checking for remove
configure:17190: g++ -o conftest -g -O2   conftest.cpp  >&5
configure:17190: $? = 0
configure:17190: result: yes
configure:17239: checking for shmat
configure:17239: g++ -o conftest -g -O2   conftest.cpp  >&5
configure:17239: $? = 0
configure:17239: result: yes
configure:17297: checking for IceConnectionNumber in -lICE
configure:17322: g++ -o conftest -g -O2   -L/usr/X11/lib conftest.cpp -lICE   >&5
configure:17322: $? = 0
configure:17331: result: yes
configure:17366: checking for GLUT library
configure:17397: gcc -o conftest -g -O2 -I/usr/X11/include -D_THREAD_SAFE    conftest.c -lglut32  -lSM -lICE -lXmu -lXi  -lGLU -lGL -L/usr/X11/lib -lX11  -lm  >&5
ld: library not found for -lglut32
collect2: ld returned 1 exit status
configure:17397: $? = 1
configure: failed program was:
| /* confdefs.h */
| #define PACKAGE_NAME "glm"
| #define PACKAGE_TARNAME "glm"
| #define PACKAGE_VERSION "0.3.2"
| #define PACKAGE_STRING "glm 0.3.2"
| #define PACKAGE_BUGREPORT ""
| #define PACKAGE_URL ""
| #define PACKAGE "glm"
| #define VERSION "0.3.2"
| #define STDC_HEADERS 1
| #define HAVE_SYS_TYPES_H 1
| #define HAVE_SYS_STAT_H 1
| #define HAVE_STDLIB_H 1
| #define HAVE_STRING_H 1
| #define HAVE_MEMORY_H 1
| #define HAVE_STRINGS_H 1
| #define HAVE_INTTYPES_H 1
| #define HAVE_STDINT_H 1
| #define HAVE_UNISTD_H 1
| #define HAVE_DLFCN_H 1
| #define LT_OBJDIR ".libs/"
| #define HAVE_STRDUP 1
| #define HAVE_PTHREAD 1
| /* end confdefs.h.  */
| 
| # if HAVE_WINDOWS_H && defined(_WIN32)
| #   include <windows.h>
| # endif
| # include <GL/glut.h>
| int
| main ()
| {
| glutMainLoop()
|   ;
|   return 0;
| }
configure:17397: gcc -o conftest -g -O2 -I/usr/X11/include -D_THREAD_SAFE    conftest.c -lglut  -lSM -lICE -lXmu -lXi  -lGLU -lGL -L/usr/X11/lib -lX11  -lm  >&5
configure:17397: $? = 0
configure:17407: result: -lglut
configure:17447: checking for GLUI library
configure:17478: g++ -o conftest -g -O2 -I/usr/X11/include -D_THREAD_SAFE    conftest.cpp -lglui32 -lglut  -lSM -lICE -lXmu -lXi  -lGLU -lGL -L/usr/X11/lib -lX11  -lm  >&5
conftest.cpp:29:22: error: GL/glui.h: No such file or directory
conftest.cpp: In function 'int main()':
conftest.cpp:33: error: 'GLUI_Master' was not declared in this scope
conftest.cpp:33: error: 'NULL' was not declared in this scope
conftest.cpp:33: error: 'glutMainLoop' was not declared in this scope
configure:17478: $? = 1
configure: failed program was:
| /* confdefs.h */
| #define PACKAGE_NAME "glm"
| #define PACKAGE_TARNAME "glm"
| #define PACKAGE_VERSION "0.3.2"
| #define PACKAGE_STRING "glm 0.3.2"
| #define PACKAGE_BUGREPORT ""
| #define PACKAGE_URL ""
| #define PACKAGE "glm"
| #define VERSION "0.3.2"
| #define STDC_HEADERS 1
| #define HAVE_SYS_TYPES_H 1
| #define HAVE_SYS_STAT_H 1
| #define HAVE_STDLIB_H 1
| #define HAVE_STRING_H 1
| #define HAVE_MEMORY_H 1
| #define HAVE_STRINGS_H 1
| #define HAVE_INTTYPES_H 1
| #define HAVE_STDINT_H 1
| #define HAVE_UNISTD_H 1
| #define HAVE_DLFCN_H 1
| #define LT_OBJDIR ".libs/"
| #define HAVE_STRDUP 1
| #define HAVE_PTHREAD 1
| /* end confdefs.h.  */
| 
| # if HAVE_WINDOWS_H && defined(_WIN32)
| #   include <windows.h>
| # endif
| # include <GL/glui.h>
| int
| main ()
| {
| GLUI_Master.set_glutSpecialFunc( NULL );glutMainLoop()
|   ;
|   return 0;
| }
configure:17478: g++ -o conftest -g -O2 -I/usr/X11/include -D_THREAD_SAFE    conftest.cpp -lglui -lglut  -lSM -lICE -lXmu -lXi  -lGLU -lGL -L/usr/X11/lib -lX11  -lm  >&5
conftest.cpp:29:22: error: GL/glui.h: No such file or directory
conftest.cpp: In function 'int main()':
conftest.cpp:33: error: 'GLUI_Master' was not declared in this scope
conftest.cpp:33: error: 'NULL' was not declared in this scope
conftest.cpp:33: error: 'glutMainLoop' was not declared in this scope
configure:17478: $? = 1
configure: failed program was:
| /* confdefs.h */
| #define PACKAGE_NAME "glm"
| #define PACKAGE_TARNAME "glm"
| #define PACKAGE_VERSION "0.3.2"
| #define PACKAGE_STRING "glm 0.3.2"
| #define PACKAGE_BUGREPORT ""
| #define PACKAGE_URL ""
| #define PACKAGE "glm"
| #define VERSION "0.3.2"
| #define STDC_HEADERS 1
| #define HAVE_SYS_TYPES_H 1
| #define HAVE_SYS_STAT_H 1
| #define HAVE_STDLIB_H 1
| #define HAVE_STRING_H 1
| #define HAVE_MEMORY_H 1
| #define HAVE_STRINGS_H 1
| #define HAVE_INTTYPES_H 1
| #define HAVE_STDINT_H 1
| #define HAVE_UNISTD_H 1
| #define HAVE_DLFCN_H 1
| #define LT_OBJDIR ".libs/"
| #define HAVE_STRDUP 1
| #define HAVE_PTHREAD 1
| /* end confdefs.h.  */
| 
| # if HAVE_WINDOWS_H && defined(_WIN32)
| #   include <windows.h>
| # endif
| # include <GL/glui.h>
| int
| main ()
| {
| GLUI_Master.set_glutSpecialFunc( NULL );glutMainLoop()
|   ;
|   return 0;
| }
configure:17488: result: no
configure:17528: checking for jpeg_destroy_decompress in -ljpeg
configure:17553: gcc -o conftest -g -O2   conftest.c -ljpeg -lm  >&5
configure:17553: $? = 0
configure:17562: result: yes
configure:17573: checking for jpeglib.h
configure:17582: gcc -E  conftest.c
configure:17582: $? = 0
configure:17588: result: yes
configure:17603: checking for png_create_read_struct in -lpng
configure:17628: gcc -o conftest -g -O2   conftest.c -lpng -lz  >&5
configure:17628: $? = 0
configure:17637: result: yes
configure:17647: checking for uncompress in -lz
configure:17672: gcc -o conftest -g -O2   conftest.c -lz   >&5
configure:17672: $? = 0
configure:17681: result: yes
configure:17804: checking for ilInit in -lIL
configure:17829: gcc -o conftest -g -O2   conftest.c -lIL -lm  >&5
ld: library not found for -lIL
collect2: ld returned 1 exit status
configure:17829: $? = 1
configure: failed program was:
| /* confdefs.h */
| #define PACKAGE_NAME "glm"
| #define PACKAGE_TARNAME "glm"
| #define PACKAGE_VERSION "0.3.2"
| #define PACKAGE_STRING "glm 0.3.2"
| #define PACKAGE_BUGREPORT ""
| #define PACKAGE_URL ""
| #define PACKAGE "glm"
| #define VERSION "0.3.2"
| #define STDC_HEADERS 1
| #define HAVE_SYS_TYPES_H 1
| #define HAVE_SYS_STAT_H 1
| #define HAVE_STDLIB_H 1
| #define HAVE_STRING_H 1
| #define HAVE_MEMORY_H 1
| #define HAVE_STRINGS_H 1
| #define HAVE_INTTYPES_H 1
| #define HAVE_STDINT_H 1
| #define HAVE_UNISTD_H 1
| #define HAVE_DLFCN_H 1
| #define LT_OBJDIR ".libs/"
| #define HAVE_STRDUP 1
| #define HAVE_PTHREAD 1
| #define HAVE_LIBJPEG 1
| #define HAVE_LIBPNG 1
| /* end confdefs.h.  */
| 
| /* Override any GCC internal prototype to avoid an error.
|    Use char because int might match the return type of a GCC
|    builtin and then its argument prototype would still apply.  */
| #ifdef __cplusplus
| extern "C"
| #endif
| char ilInit ();
| int
| main ()
| {
| return ilInit ();
|   ;
|   return 0;
| }
configure:17838: result: no
configure:17844: WARNING: *** DevIL library not found ***
configure:18018: WARNING: *** Not using the simage library for loading textures (http://www.coin3d.org)
configure:18162: checking that generated files are newer than configure
configure:18168: result: done
configure:18219: creating ./config.status

## ---------------------- ##
## Running config.status. ##
## ---------------------- ##

This file was extended by glm config.status 0.3.2, which was
generated by GNU Autoconf 2.69.  Invocation command line was

  CONFIG_FILES    = 
  CONFIG_HEADERS  = 
  CONFIG_LINKS    = 
  CONFIG_COMMANDS = 
  $ ./config.status 

on Wahids-MacBook-Pro.local

config.status:1185: creating Makefile
config.status:1185: creating glm/Makefile
config.status:1185: creating examples/Makefile
config.status:1185: creating m4/Makefile
config.status:1185: creating glm.spec
config.status:1185: creating config.h
config.status:1414: executing depfiles commands
config.status:1414: executing libtool commands

## ---------------- ##
## Cache variables. ##
## ---------------- ##

ac_cv_build=x86_64-apple-darwin12.2.0
ac_cv_c_compiler_gnu=yes
ac_cv_c_inline=inline
ac_cv_cxx_compiler_gnu=yes
ac_cv_env_CCC_set=
ac_cv_env_CCC_value=
ac_cv_env_CC_set=
ac_cv_env_CC_value=
ac_cv_env_CFLAGS_set=
ac_cv_env_CFLAGS_value=
ac_cv_env_CPPFLAGS_set=
ac_cv_env_CPPFLAGS_value=
ac_cv_env_CPP_set=
ac_cv_env_CPP_value=
ac_cv_env_CXXCPP_set=
ac_cv_env_CXXCPP_value=
ac_cv_env_CXXFLAGS_set=
ac_cv_env_CXXFLAGS_value=
ac_cv_env_CXX_set=
ac_cv_env_CXX_value=
ac_cv_env_LDFLAGS_set=
ac_cv_env_LDFLAGS_value=
ac_cv_env_LIBS_set=
ac_cv_env_LIBS_value=
ac_cv_env_XMKMF_set=
ac_cv_env_XMKMF_value=
ac_cv_env_build_alias_set=
ac_cv_env_build_alias_value=
ac_cv_env_host_alias_set=
ac_cv_env_host_alias_value=
ac_cv_env_target_alias_set=
ac_cv_env_target_alias_value=
ac_cv_func_connect=yes
ac_cv_func_gethostbyname=yes
ac_cv_func_remove=yes
ac_cv_func_shmat=yes
ac_cv_func_strdup=yes
ac_cv_have_x='have_x=yes	ac_x_includes='\''/usr/X11/include'\''	ac_x_libraries='\''/usr/X11/lib'\'''
ac_cv_header_dlfcn_h=yes
ac_cv_header_inttypes_h=yes
ac_cv_header_memory_h=yes
ac_cv_header_stdc=yes
ac_cv_header_stdint_h=yes
ac_cv_header_stdlib_h=yes
ac_cv_header_string_h=yes
ac_cv_header_strings_h=yes
ac_cv_header_sys_stat_h=yes
ac_cv_header_sys_types_h=yes
ac_cv_header_unistd_h=yes
ac_cv_header_windows_h=no
ac_cv_host=x86_64-apple-darwin12.2.0
ac_cv_lib_ICE_IceConnectionNumber=yes
ac_cv_lib_IL_ilInit=no
ac_cv_lib_jpeg_jpeg_destroy_decompress=yes
ac_cv_lib_png_png_create_read_struct=yes
ac_cv_lib_z_uncompress=yes
ac_cv_objext=o
ac_cv_path_EGREP='/usr/bin/grep -E'
ac_cv_path_FGREP='/usr/bin/grep -F'
ac_cv_path_GREP=/usr/bin/grep
ac_cv_path_SED=/usr/bin/sed
ac_cv_path_install='/opt/local/bin/ginstall -c'
ac_cv_path_mkdir=/opt/local/bin/gmkdir
ac_cv_prog_AWK=awk
ac_cv_prog_CPP='gcc -E'
ac_cv_prog_CXXCPP='g++ -E'
ac_cv_prog_ac_ct_AR=ar
ac_cv_prog_ac_ct_CC=gcc
ac_cv_prog_ac_ct_CXX=g++
ac_cv_prog_ac_ct_DSYMUTIL=dsymutil
ac_cv_prog_ac_ct_LIPO=lipo
ac_cv_prog_ac_ct_NMEDIT=nmedit
ac_cv_prog_ac_ct_OTOOL=otool
ac_cv_prog_ac_ct_RANLIB=ranlib
ac_cv_prog_ac_ct_STRIP=strip
ac_cv_prog_cc_c89=
ac_cv_prog_cc_g=yes
ac_cv_prog_cc_gcc_c_o=yes
ac_cv_prog_cxx_g=yes
ac_cv_prog_make_make_set=yes
ac_cv_target=x86_64-apple-darwin12.2.0
am_cv_CC_dependencies_compiler_type=gcc3
am_cv_CXX_dependencies_compiler_type=gcc3
am_cv_make_support_nested_variables=yes
ax_cv_c_compiler_ms=no
ax_cv_check_gl_libgl=-lGL
ax_cv_check_glu_libglu=-lGLU
ax_cv_check_glui_libglui=no
ax_cv_check_glut_libglut=-lglut
lt_cv_apple_cc_single_mod=yes
lt_cv_ar_at_file=no
lt_cv_deplibs_check_method=pass_all
lt_cv_file_magic_cmd='$MAGIC_CMD'
lt_cv_file_magic_test_file=
lt_cv_ld_exported_symbols_list=yes
lt_cv_ld_force_load=yes
lt_cv_ld_reload_flag=-r
lt_cv_nm_interface='BSD nm'
lt_cv_objdir=.libs
lt_cv_path_LD=/usr/llvm-gcc-4.2/libexec/gcc/i686-apple-darwin11/4.2.1/ld
lt_cv_path_LDCXX=/usr/llvm-gcc-4.2/libexec/gcc/i686-apple-darwin11/4.2.1/ld
lt_cv_path_NM=/opt/local/bin/nm
lt_cv_path_mainfest_tool=no
lt_cv_prog_compiler_c_o=yes
lt_cv_prog_compiler_c_o_CXX=yes
lt_cv_prog_compiler_pic='-fno-common -DPIC'
lt_cv_prog_compiler_pic_CXX='-fno-common -DPIC'
lt_cv_prog_compiler_pic_works=yes
lt_cv_prog_compiler_pic_works_CXX=yes
lt_cv_prog_compiler_rtti_exceptions=no
lt_cv_prog_compiler_static_works=no
lt_cv_prog_compiler_static_works_CXX=no
lt_cv_prog_gnu_ld=no
lt_cv_prog_gnu_ldcxx=no
lt_cv_sharedlib_from_linklib_cmd='printf %s\n'
lt_cv_sys_global_symbol_pipe='sed -n -e '\''s/^.*[	 ]\([BCDEGRST][BCDEGRST]*\)[	 ][	 ]*_\([_A-Za-z][_A-Za-z0-9]*\)$/\1 _\2 \2/p'\'' | sed '\''/ __gnu_lto/d'\'''
lt_cv_sys_global_symbol_to_c_name_address='sed -n -e '\''s/^: \([^ ]*\)[ ]*$/  {\"\1\", (void *) 0},/p'\'' -e '\''s/^[BCDEGRST]* \([^ ]*\) \([^ ]*\)$/  {"\2", (void *) \&\2},/p'\'''
lt_cv_sys_global_symbol_to_c_name_address_lib_prefix='sed -n -e '\''s/^: \([^ ]*\)[ ]*$/  {\"\1\", (void *) 0},/p'\'' -e '\''s/^[BCDEGRST]* \([^ ]*\) \(lib[^ ]*\)$/  {"\2", (void *) \&\2},/p'\'' -e '\''s/^[BCDEGRST]* \([^ ]*\) \([^ ]*\)$/  {"lib\2", (void *) \&\2},/p'\'''
lt_cv_sys_global_symbol_to_cdecl='sed -n -e '\''s/^T .* \(.*\)$/extern int \1();/p'\'' -e '\''s/^[BCDEGRST]* .* \(.*\)$/extern char \1;/p'\'''
lt_cv_sys_max_cmd_len=196608
lt_cv_to_host_file_cmd=func_convert_file_noop
lt_cv_to_tool_file_cmd=func_convert_file_noop

## ----------------- ##
## Output variables. ##
## ----------------- ##

ACLOCAL='${SHELL} /Users/wahidac/workspace/CS174A/Project/loadModels/loadModels/glm-0.3.2/missing aclocal-1.13'
AMDEPBACKSLASH='\'
AMDEP_FALSE='#'
AMDEP_TRUE=''
AMTAR='$${TAR-tar}'
AM_BACKSLASH='\'
AM_DEFAULT_V='$(AM_DEFAULT_VERBOSITY)'
AM_DEFAULT_VERBOSITY='1'
AM_V='$(V)'
AR='ar'
AUTOCONF='${SHELL} /Users/wahidac/workspace/CS174A/Project/loadModels/loadModels/glm-0.3.2/missing autoconf'
AUTOHEADER='${SHELL} /Users/wahidac/workspace/CS174A/Project/loadModels/loadModels/glm-0.3.2/missing autoheader'
AUTOMAKE='${SHELL} /Users/wahidac/workspace/CS174A/Project/loadModels/loadModels/glm-0.3.2/missing automake-1.13'
AWK='awk'
CC='gcc'
CCDEPMODE='depmode=gcc3'
CFLAGS='-g -O2'
CPP='gcc -E'
CPPFLAGS=''
CXX='g++'
CXXCPP='g++ -E'
CXXDEPMODE='depmode=gcc3'
CXXFLAGS='-g -O2'
CYGPATH_W='echo'
DEFS='-DHAVE_CONFIG_H'
DEPDIR='.deps'
DEVILLIBS=''
DLLTOOL='false'
DSYMUTIL='dsymutil'
DUMPBIN=''
ECHO_C='\c'
ECHO_N=''
ECHO_T=''
EGREP='/usr/bin/grep -E'
EXEEXT=''
FGREP='/usr/bin/grep -F'
GLUI_CFLAGS=''
GLUI_LIBS=''
GLUT_CFLAGS='-I/usr/X11/include -D_THREAD_SAFE '
GLUT_LIBS='-lglut  -lSM -lICE -lXmu -lXi  -lGLU -lGL -L/usr/X11/lib -lX11  -lm'
GLU_CFLAGS='-I/usr/X11/include -D_THREAD_SAFE '
GLU_LIBS='-lGLU -lGL -L/usr/X11/lib -lX11  -lm'
GL_CFLAGS='-I/usr/X11/include -D_THREAD_SAFE '
GL_LIBS='-lGL -L/usr/X11/lib -lX11  -lm'
GREP='/usr/bin/grep'
HAVE_GIF_FALSE=''
HAVE_GIF_TRUE='#'
HAVE_GLUI_FALSE=''
HAVE_GLUI_TRUE='#'
HAVE_GLUT_FALSE='#'
HAVE_GLUT_TRUE=''
HAVE_SDL_IMAGE_FALSE=''
HAVE_SDL_IMAGE_TRUE='#'
HAVE_TIFF_FALSE=''
HAVE_TIFF_TRUE='#'
INSTALL_DATA='${INSTALL} -m 644'
INSTALL_PROGRAM='${INSTALL}'
INSTALL_SCRIPT='${INSTALL}'
INSTALL_STRIP_PROGRAM='$(install_sh) -c -s'
JPEGLIBS='-ljpeg'
LD='/usr/llvm-gcc-4.2/libexec/gcc/i686-apple-darwin11/4.2.1/ld'
LDFLAGS=''
LIBOBJS=''
LIBS=''
LIBTOOL='$(SHELL) $(top_builddir)/libtool'
LIPO='lipo'
LN_S='ln -s'
LTLIBOBJS=''
MAKEINFO='${SHELL} /Users/wahidac/workspace/CS174A/Project/loadModels/loadModels/glm-0.3.2/missing makeinfo'
MANIFEST_TOOL=':'
MKDIR_P='/opt/local/bin/gmkdir -p'
NM='/opt/local/bin/nm'
NMEDIT='nmedit'
OBJDUMP='false'
OBJEXT='o'
OTOOL64=':'
OTOOL='otool'
PACKAGE='glm'
PACKAGE_BUGREPORT=''
PACKAGE_NAME='glm'
PACKAGE_STRING='glm 0.3.2'
PACKAGE_TARNAME='glm'
PACKAGE_URL=''
PACKAGE_VERSION='0.3.2'
PATH_SEPARATOR=':'
PTHREAD_CC='gcc'
PTHREAD_CFLAGS='-D_THREAD_SAFE '
PTHREAD_LIBS=''
RANLIB='ranlib'
SDL_IMAGELIBS=''
SED='/usr/bin/sed'
SET_MAKE=''
SHELL='/bin/sh'
STRIP='strip'
SUPPORT_LIBS=' -ljpeg -lpng -lz'
VERSION='0.3.2'
WARN_CFLAGS='-Wall -Wmissing-prototypes '
XMKMF=''
X_CFLAGS=' -I/usr/X11/include'
X_EXTRA_LIBS=''
X_LIBS=' -L/usr/X11/lib -R/usr/X11/lib'
X_PRE_LIBS=' -lSM -lICE'
ac_ct_AR='ar'
ac_ct_CC='gcc'
ac_ct_CXX='g++'
ac_ct_DUMPBIN=''
acx_pthread_config=''
am__EXEEXT_FALSE=''
am__EXEEXT_TRUE='#'
am__fastdepCC_FALSE='#'
am__fastdepCC_TRUE=''
am__fastdepCXX_FALSE='#'
am__fastdepCXX_TRUE=''
am__include='include'
am__isrc=''
am__leading_dot='.'
am__nodep='_no'
am__quote=''
am__tar='$${TAR-tar} chof - "$$tardir"'
am__untar='$${TAR-tar} xf -'
bindir='${exec_prefix}/bin'
build='x86_64-apple-darwin12.2.0'
build_alias=''
build_cpu='x86_64'
build_os='darwin12.2.0'
build_vendor='apple'
datadir='${datarootdir}'
datarootdir='${prefix}/share'
docdir='${datarootdir}/doc/${PACKAGE_TARNAME}'
dvidir='${docdir}'
exec_prefix='${prefix}'
host='x86_64-apple-darwin12.2.0'
host_alias=''
host_cpu='x86_64'
host_os='darwin12.2.0'
host_vendor='apple'
htmldir='${docdir}'
includedir='${prefix}/include'
infodir='${datarootdir}/info'
install_sh='${SHELL} /Users/wahidac/workspace/CS174A/Project/loadModels/loadModels/glm-0.3.2/install-sh'
libdir='${exec_prefix}/lib'
libexecdir='${exec_prefix}/libexec'
localedir='${datarootdir}/locale'
localstatedir='${prefix}/var'
mandir='${datarootdir}/man'
mkdir_p='$(MKDIR_P)'
oldincludedir='/usr/include'
pdfdir='${docdir}'
prefix='/usr/local'
program_transform_name='s,x,x,'
psdir='${docdir}'
sbindir='${exec_prefix}/sbin'
sharedstatedir='${prefix}/com'
sim_ac_simage_configcmd=''
sysconfdir='${prefix}/etc'
target='x86_64-apple-darwin12.2.0'
target_alias=''
target_cpu='x86_64'
target_os='darwin12.2.0'
target_vendor='apple'

## ----------- ##
## confdefs.h. ##
## ----------- ##

/* confdefs.h */
#define PACKAGE_NAME "glm"
#define PACKAGE_TARNAME "glm"
#define PACKAGE_VERSION "0.3.2"
#define PACKAGE_STRING "glm 0.3.2"
#define PACKAGE_BUGREPORT ""
#define PACKAGE_URL ""
#define PACKAGE "glm"
#define VERSION "0.3.2"
#define STDC_HEADERS 1
#define HAVE_SYS_TYPES_H 1
#define HAVE_SYS_STAT_H 1
#define HAVE_STDLIB_H 1
#define HAVE_STRING_H 1
#define HAVE_MEMORY_H 1
#define HAVE_STRINGS_H 1
#define HAVE_INTTYPES_H 1
#define HAVE_STDINT_H 1
#define HAVE_UNISTD_H 1
#define HAVE_DLFCN_H 1
#define LT_OBJDIR ".libs/"
#define HAVE_STRDUP 1
#define HAVE_PTHREAD 1
#define HAVE_LIBJPEG 1
#define HAVE_LIBPNG 1

configure: exit 0
